<?xml version="1.0" encoding="utf-8"?>
<testsuites disabled="0" errors="0" failures="2" tests="7" time="0.010541631081999998">
	<testsuite disabled="0" errors="0" failures="2" name="test/fixtures/test-nested" skipped="0" tests="7" time="0.010541631081999998" hostname="{HOSTNAME}">
		<testcase name="- top level 1" time="0.000341"/>
		<testcase name="- top level 2" time="0.000303"/>
		<testcase name="- nested 1" time="0.002368"/>
		<testcase name="- nested 2" time="0.002332">
			<failure type="failure" message=" (0)">
---
code: ERR_TEST_FAILURE
duration_ms: 2.332323873
error: Promise resolution is still pending but the event loop has already resolved
failureType: cancelledByParent
...
</failure>
		</testcase>
		<testcase name="- nested" time="0.002368">
			<failure type="failure" message=" (0)">
---
code: ERR_TEST_FAILURE
duration_ms: 2.367870901
error: Promise resolution is still pending but the event loop has already resolved
failureType: fail
...
</failure>
			<system-err>['# Subtest: top level 4']</system-err>
		</testcase>
		<testcase name="- top level 4" time="0.000341"/>
		<testcase name="- parent" time="0.002490"/>
	</testsuite>
</testsuites>
